<?xml version="1.0" encoding="UTF-8"?>
<testng-results ignored="0" total="1" passed="1" failed="0" skipped="0">
  <reporter-output>
  </reporter-output>
  <suite started-at="2024-08-23T11:13:40 PDT" name="Default suite" finished-at="2024-08-23T11:13:58 PDT" duration-ms="17995">
    <groups>
    </groups>
    <test started-at="2024-08-23T11:13:40 PDT" name="Default test" finished-at="2024-08-23T11:13:58 PDT" duration-ms="17995">
      <class name="seleniumDemoTest.GoogleSearchTest">
        <test-method is-config="true" signature="setUp()[pri:0, instance:seleniumDemoTest.GoogleSearchTest@2262b621]" started-at="2024-08-23T11:13:40 PDT" name="setUp" finished-at="2024-08-23T11:13:48 PDT" duration-ms="8274" status="PASS">
          <reporter-output>
          </reporter-output>
        </test-method> <!-- setUp -->
        <test-method signature="testOpenGoogle()[pri:0, instance:seleniumDemoTest.GoogleSearchTest@2262b621]" started-at="2024-08-23T11:13:48 PDT" name="testOpenGoogle" finished-at="2024-08-23T11:13:58 PDT" duration-ms="9546" status="PASS">
          <reporter-output>
          </reporter-output>
        </test-method> <!-- testOpenGoogle -->
        <test-method is-config="true" signature="tearDown()[pri:0, instance:seleniumDemoTest.GoogleSearchTest@2262b621]" started-at="2024-08-23T11:13:58 PDT" name="tearDown" finished-at="2024-08-23T11:13:58 PDT" duration-ms="119" status="PASS">
          <reporter-output>
          </reporter-output>
        </test-method> <!-- tearDown -->
      </class> <!-- seleniumDemoTest.GoogleSearchTest -->
    </test> <!-- Default test -->
  </suite> <!-- Default suite -->
</testng-results>
